<?xml version="1.0" encoding="UTF-8"?>
<testsuite xmlns:xsi="http://www.w3.org/2001/XMLSchema-instance" xsi:noNamespaceSchemaLocation="https://maven.apache.org/surefire/maven-surefire-plugin/xsd/surefire-test-report.xsd" name="com.socialvagrancy.taskmanager.AppTest" time="0.022" tests="1" errors="0" skipped="0" failures="0">
  <properties>
    <property name="java.specification.version" value="18"/>
    <property name="sun.jnu.encoding" value="UTF-8"/>
    <property name="java.class.path" value="/home/etruyj/Documents/src/java/task_manager/app/target/test-classes:/home/etruyj/Documents/src/java/task_manager/app/target/classes:/home/etruyj/.m2/repository/junit/junit/4.11/junit-4.11.jar:/home/etruyj/.m2/repository/org/hamcrest/hamcrest-core/1.3/hamcrest-core-1.3.jar:/home/etruyj/.m2/repository/com/auth0/java-jwt/4.2.1/java-jwt-4.2.1.jar:/home/etruyj/.m2/repository/com/fasterxml/jackson/core/jackson-databind/2.13.4.2/jackson-databind-2.13.4.2.jar:/home/etruyj/.m2/repository/com/fasterxml/jackson/core/jackson-annotations/2.13.4/jackson-annotations-2.13.4.jar:/home/etruyj/.m2/repository/com/fasterxml/jackson/core/jackson-core/2.13.4/jackson-core-2.13.4.jar:/home/etruyj/.m2/repository/org/glassfish/grizzly/grizzly-http-servlet/2.4.4/grizzly-http-servlet-2.4.4.jar:/home/etruyj/.m2/repository/org/glassfish/grizzly/grizzly-http-server/2.4.4/grizzly-http-server-2.4.4.jar:/home/etruyj/.m2/repository/org/glassfish/grizzly/grizzly-http/2.4.4/grizzly-http-2.4.4.jar:/home/etruyj/.m2/repository/org/glassfish/grizzly/grizzly-framework/2.4.4/grizzly-framework-2.4.4.jar:/home/etruyj/.m2/repository/org/glassfish/jersey/containers/jersey-container-grizzly2-http/3.1.0-M8/jersey-container-grizzly2-http-3.1.0-M8.jar:/home/etruyj/.m2/repository/jakarta/inject/jakarta.inject-api/2.0.1/jakarta.inject-api-2.0.1.jar:/home/etruyj/.m2/repository/org/glassfish/jersey/core/jersey-common/3.1.0-M8/jersey-common-3.1.0-M8.jar:/home/etruyj/.m2/repository/jakarta/annotation/jakarta.annotation-api/2.1.1/jakarta.annotation-api-2.1.1.jar:/home/etruyj/.m2/repository/org/glassfish/hk2/osgi-resource-locator/1.0.3/osgi-resource-locator-1.0.3.jar:/home/etruyj/.m2/repository/org/glassfish/jersey/core/jersey-server/3.1.0-M8/jersey-server-3.1.0-M8.jar:/home/etruyj/.m2/repository/org/glassfish/jersey/core/jersey-client/3.1.0-M8/jersey-client-3.1.0-M8.jar:/home/etruyj/.m2/repository/jakarta/validation/jakarta.validation-api/3.0.2/jakarta.validation-api-3.0.2.jar:/home/etruyj/.m2/repository/org/glassfish/jersey/inject/jersey-hk2/3.1.0-M8/jersey-hk2-3.1.0-M8.jar:/home/etruyj/.m2/repository/org/glassfish/hk2/hk2-locator/3.0.3/hk2-locator-3.0.3.jar:/home/etruyj/.m2/repository/org/glassfish/hk2/external/aopalliance-repackaged/3.0.3/aopalliance-repackaged-3.0.3.jar:/home/etruyj/.m2/repository/org/glassfish/hk2/hk2-api/3.0.3/hk2-api-3.0.3.jar:/home/etruyj/.m2/repository/org/glassfish/hk2/hk2-utils/3.0.3/hk2-utils-3.0.3.jar:/home/etruyj/.m2/repository/org/javassist/javassist/3.28.0-GA/javassist-3.28.0-GA.jar:/home/etruyj/.m2/repository/jakarta/ws/rs/jakarta.ws.rs-api/3.1.0/jakarta.ws.rs-api-3.1.0.jar:/home/etruyj/.m2/repository/org/postgresql/postgresql/42.5.0/postgresql-42.5.0.jar:/home/etruyj/.m2/repository/org/checkerframework/checker-qual/3.5.0/checker-qual-3.5.0.jar:/home/etruyj/.m2/repository/com/google/code/gson/gson/2.9.1/gson-2.9.1.jar:/home/etruyj/.m2/repository/org/mindrot/jbcrypt/0.4/jbcrypt-0.4.jar:/home/etruyj/.m2/repository/com/socialvagrancy/utils/1.6.1/utils-1.6.1.jar:"/>
    <property name="java.vm.vendor" value="Private Build"/>
    <property name="sun.arch.data.model" value="64"/>
    <property name="java.vendor.url" value="Unknown"/>
    <property name="os.name" value="Linux"/>
    <property name="java.vm.specification.version" value="18"/>
    <property name="sun.java.launcher" value="SUN_STANDARD"/>
    <property name="user.country" value="US"/>
    <property name="sun.boot.library.path" value="/usr/lib/jvm/java-18-openjdk-amd64/lib"/>
    <property name="sun.java.command" value="/home/etruyj/Documents/src/java/task_manager/app/target/surefire/surefirebooter16889010771680719513.jar /home/etruyj/Documents/src/java/task_manager/app/target/surefire 2022-12-06T17-55-37_020-jvmRun1 surefire6174827447054669274tmp surefire_012727091669524522647tmp"/>
    <property name="jdk.debug" value="release"/>
    <property name="surefire.test.class.path" value="/home/etruyj/Documents/src/java/task_manager/app/target/test-classes:/home/etruyj/Documents/src/java/task_manager/app/target/classes:/home/etruyj/.m2/repository/junit/junit/4.11/junit-4.11.jar:/home/etruyj/.m2/repository/org/hamcrest/hamcrest-core/1.3/hamcrest-core-1.3.jar:/home/etruyj/.m2/repository/com/auth0/java-jwt/4.2.1/java-jwt-4.2.1.jar:/home/etruyj/.m2/repository/com/fasterxml/jackson/core/jackson-databind/2.13.4.2/jackson-databind-2.13.4.2.jar:/home/etruyj/.m2/repository/com/fasterxml/jackson/core/jackson-annotations/2.13.4/jackson-annotations-2.13.4.jar:/home/etruyj/.m2/repository/com/fasterxml/jackson/core/jackson-core/2.13.4/jackson-core-2.13.4.jar:/home/etruyj/.m2/repository/org/glassfish/grizzly/grizzly-http-servlet/2.4.4/grizzly-http-servlet-2.4.4.jar:/home/etruyj/.m2/repository/org/glassfish/grizzly/grizzly-http-server/2.4.4/grizzly-http-server-2.4.4.jar:/home/etruyj/.m2/repository/org/glassfish/grizzly/grizzly-http/2.4.4/grizzly-http-2.4.4.jar:/home/etruyj/.m2/repository/org/glassfish/grizzly/grizzly-framework/2.4.4/grizzly-framework-2.4.4.jar:/home/etruyj/.m2/repository/org/glassfish/jersey/containers/jersey-container-grizzly2-http/3.1.0-M8/jersey-container-grizzly2-http-3.1.0-M8.jar:/home/etruyj/.m2/repository/jakarta/inject/jakarta.inject-api/2.0.1/jakarta.inject-api-2.0.1.jar:/home/etruyj/.m2/repository/org/glassfish/jersey/core/jersey-common/3.1.0-M8/jersey-common-3.1.0-M8.jar:/home/etruyj/.m2/repository/jakarta/annotation/jakarta.annotation-api/2.1.1/jakarta.annotation-api-2.1.1.jar:/home/etruyj/.m2/repository/org/glassfish/hk2/osgi-resource-locator/1.0.3/osgi-resource-locator-1.0.3.jar:/home/etruyj/.m2/repository/org/glassfish/jersey/core/jersey-server/3.1.0-M8/jersey-server-3.1.0-M8.jar:/home/etruyj/.m2/repository/org/glassfish/jersey/core/jersey-client/3.1.0-M8/jersey-client-3.1.0-M8.jar:/home/etruyj/.m2/repository/jakarta/validation/jakarta.validation-api/3.0.2/jakarta.validation-api-3.0.2.jar:/home/etruyj/.m2/repository/org/glassfish/jersey/inject/jersey-hk2/3.1.0-M8/jersey-hk2-3.1.0-M8.jar:/home/etruyj/.m2/repository/org/glassfish/hk2/hk2-locator/3.0.3/hk2-locator-3.0.3.jar:/home/etruyj/.m2/repository/org/glassfish/hk2/external/aopalliance-repackaged/3.0.3/aopalliance-repackaged-3.0.3.jar:/home/etruyj/.m2/repository/org/glassfish/hk2/hk2-api/3.0.3/hk2-api-3.0.3.jar:/home/etruyj/.m2/repository/org/glassfish/hk2/hk2-utils/3.0.3/hk2-utils-3.0.3.jar:/home/etruyj/.m2/repository/org/javassist/javassist/3.28.0-GA/javassist-3.28.0-GA.jar:/home/etruyj/.m2/repository/jakarta/ws/rs/jakarta.ws.rs-api/3.1.0/jakarta.ws.rs-api-3.1.0.jar:/home/etruyj/.m2/repository/org/postgresql/postgresql/42.5.0/postgresql-42.5.0.jar:/home/etruyj/.m2/repository/org/checkerframework/checker-qual/3.5.0/checker-qual-3.5.0.jar:/home/etruyj/.m2/repository/com/google/code/gson/gson/2.9.1/gson-2.9.1.jar:/home/etruyj/.m2/repository/org/mindrot/jbcrypt/0.4/jbcrypt-0.4.jar:/home/etruyj/.m2/repository/com/socialvagrancy/utils/1.6.1/utils-1.6.1.jar:"/>
    <property name="sun.cpu.endian" value="little"/>
    <property name="user.home" value="/home/etruyj"/>
    <property name="user.language" value="en"/>
    <property name="java.specification.vendor" value="Oracle Corporation"/>
    <property name="java.version.date" value="2022-07-19"/>
    <property name="java.home" value="/usr/lib/jvm/java-18-openjdk-amd64"/>
    <property name="file.separator" value="/"/>
    <property name="basedir" value="/home/etruyj/Documents/src/java/task_manager/app"/>
    <property name="java.vm.compressedOopsMode" value="32-bit"/>
    <property name="line.separator" value="&#10;"/>
    <property name="java.vm.specification.vendor" value="Oracle Corporation"/>
    <property name="java.specification.name" value="Java Platform API Specification"/>
    <property name="surefire.real.class.path" value="/home/etruyj/Documents/src/java/task_manager/app/target/surefire/surefirebooter16889010771680719513.jar"/>
    <property name="sun.management.compiler" value="HotSpot 64-Bit Tiered Compilers"/>
    <property name="java.runtime.version" value="18.0.2-ea+9-Ubuntu-222.04"/>
    <property name="user.name" value="etruyj"/>
    <property name="path.separator" value=":"/>
    <property name="os.version" value="5.15.0-56-generic"/>
    <property name="java.runtime.name" value="OpenJDK Runtime Environment"/>
    <property name="file.encoding" value="UTF-8"/>
    <property name="java.vm.name" value="OpenJDK 64-Bit Server VM"/>
    <property name="localRepository" value="/home/etruyj/.m2/repository"/>
    <property name="java.vendor.url.bug" value="Unknown"/>
    <property name="java.io.tmpdir" value="/tmp"/>
    <property name="java.version" value="18.0.2-ea"/>
    <property name="user.dir" value="/home/etruyj/Documents/src/java/task_manager/app"/>
    <property name="os.arch" value="amd64"/>
    <property name="java.vm.specification.name" value="Java Virtual Machine Specification"/>
    <property name="native.encoding" value="UTF-8"/>
    <property name="java.library.path" value="/usr/java/packages/lib:/usr/lib/x86_64-linux-gnu/jni:/lib/x86_64-linux-gnu:/usr/lib/x86_64-linux-gnu:/usr/lib/jni:/lib:/usr/lib"/>
    <property name="java.vm.info" value="mixed mode, sharing"/>
    <property name="java.vendor" value="Private Build"/>
    <property name="java.vm.version" value="18.0.2-ea+9-Ubuntu-222.04"/>
    <property name="sun.io.unicode.encoding" value="UnicodeLittle"/>
    <property name="java.class.version" value="62.0"/>
  </properties>
  <testcase name="shouldAnswerWithTrue" classname="com.socialvagrancy.taskmanager.AppTest" time="0.002"/>
</testsuite>